[2025-05-13 14:43:42] 启动 Go 进程（PID: 27737）
[2025-05-13 14:43:42] 启动 PHP 进程（PID: 27742）
[2025-05-13 14:46:08] 启动 Go 进程（PID: 29512）
[2025-05-13 14:46:08] 启动 PHP 进程（PID: 29526）
[2025-05-13 14:48:09] 启动 Go 进程（PID: 31124）
[2025-05-13 14:48:09] PHP 进程已运行（PID: 29526）
[2025-05-13 14:53:07] 启动 Go 进程（PID: 35494）
[2025-05-13 14:53:07] PHP 进程已运行（PID: 29526）
[2025-05-14 11:06:45] 启动 Go 进程（PID: 1066）
[2025-05-14 11:06:45] 启动 PHP 进程（PID: 1079）
[2025-05-14 11:15:52] 启动 Go 进程（PID: 6545）
[2025-05-14 11:15:52] PHP 进程已运行（PID: 1079）
[2025-05-14 11:16:21] 启动 Go 进程（PID: 7019）
[2025-05-14 11:16:21] PHP 进程已运行（PID: 1079）
[2025-05-14 11:34:27] Go 进程已运行（PID: 7019）
[2025-05-14 11:34:27] PHP 进程已运行（PID: 1079）
[2025-05-14 11:34:45] Go 进程已运行（PID: 7019）
[2025-05-14 11:34:45] PHP 进程已运行（PID: 1079）
[2025-05-14 11:35:19] Go 进程已运行（PID: 7019）
[2025-05-14 11:35:19] PHP 进程已运行（PID: 1079）
[2025-05-14 11:35:26] Go 进程已运行（PID: 7019）
[2025-05-14 11:35:26] PHP 进程已运行（PID: 1079）
[2025-05-14 11:38:23] Go 进程已运行（PID: 7019）
[2025-05-14 11:38:23] PHP 进程已运行（PID: 1079）
[2025-05-14 11:38:41] 停止 Go 进程（PID: 7019）
[2025-05-14 11:38:41] 停止 PHP 进程（PID: 1079）
[2025-05-14 11:38:56] 启动 Go 进程（PID: 19652）
[2025-05-14 11:38:56] 启动 PHP 进程（PID: 19655）
[2025-05-14 11:39:27] 启动 Go 进程（PID: 20267）
[2025-05-14 11:39:27] 启动 PHP 进程（PID: 20279）
[2025-05-14 11:41:01] 启动 Go 进程（PID: 21606）
[2025-05-14 11:41:01] 启动 PHP 进程（PID: 21619）
[2025-05-14 11:43:15] Go 进程已运行（PID: 21606）
[2025-05-14 11:43:15] 启动 PHP 进程（PID: 27698）
[2025-05-14 11:43:31] Go 进程已运行（PID: 21606）
[2025-05-14 11:43:31] 启动 PHP 进程（PID: 27976）
[2025-05-14 11:43:56] Go 进程已运行（PID: 21606）
[2025-05-14 11:43:56] 启动 PHP 进程（PID: 28392）
[2025-05-14 11:45:37] 启动 Go 进程（PID: 29857）
[2025-05-14 11:45:37] 启动 PHP 进程（PID: 29869）
[2025-05-14 11:52:41] Go 进程已运行（PID: 29857）
[2025-05-14 11:52:41] PHP 进程已运行（PID: 29869）
[2025-05-14 11:52:44] Go 进程已运行（PID: 29857）
[2025-05-14 11:52:44] PHP 进程已运行（PID: 29869）
