[2025-05-12 15:11:26] [INFO] 初始化目录结构完成
[2025-05-12 15:11:26] [INFO] 删除 PHP socket 文件
[2025-05-12 15:11:26] [INFO] 启动 PHP 服务
[2025-05-12 15:11:27] [INFO] PHP 服务启动成功 (PID: 41500)
[2025-05-12 15:11:27] [INFO] 启动 Go 服务
[2025-05-12 15:11:28] [INFO] Go 服务启动成功 (PID: 41507)
[2025-05-12 15:11:28] [INFO] 所有服务启动成功
[2025-05-12 15:14:40] [INFO] 初始化目录结构完成
[2025-05-12 15:14:40] [INFO] 停止 PHP 服务 (PID: 41500)
[2025-05-12 15:14:42] [INFO] 删除 PHP socket 文件
[2025-05-12 15:14:42] [INFO] 停止 Go 服务 (PID: 41719)
[2025-05-12 15:14:44] [INFO] 启动 PHP 服务
[2025-05-12 15:14:45] [INFO] PHP 服务启动成功 (PID: 41849)
[2025-05-12 15:14:45] [INFO] 启动 Go 服务
[2025-05-12 15:14:46] [INFO] Go 服务启动成功 (PID: 41859)
[2025-05-12 15:14:46] [INFO] 所有服务启动成功
[2025-05-12 15:17:24] [INFO] 初始化目录结构完成
[2025-05-12 15:17:24] [INFO] 删除 Go socket 文件
[2025-05-12 15:17:24] [INFO] 启动 PHP 服务
[2025-05-12 15:17:25] [INFO] PHP 服务启动成功 (PID: 42809)
[2025-05-12 15:17:25] [INFO] 启动 Go 服务
[2025-05-12 15:17:26] [INFO] Go 服务启动成功 (PID: 42825)
[2025-05-12 15:17:26] [INFO] 所有服务启动成功
