当前进程的PID为：5386
程序已启动。按下Ctrl+C或发送SIGTERM信号以终止程序。
HTTP server listening on port 80...
Listening on Unix socket /tmp/mysocket.sock...
2024/05/19 10:23:58 进入请求
2024/05/19 10:23:58 /route1
2024/05/19 10:25:44 进入请求
2024/05/19 10:25:44 /route1
2024/05/19 11:10:35 进入请求
2024/05/19 11:10:35 /route1
2024/05/19 21:50:40 进入请求
2024/05/19 21:50:40 /route1
2024/05/19 21:50:41 进入请求
2024/05/19 21:50:41 /route1
2024/05/19 21:50:42 进入请求
2024/05/19 21:50:42 /route1
2024/05/19 21:50:43 进入请求
2024/05/19 21:50:43 /route1
2024/05/19 21:50:43 进入请求
2024/05/19 21:50:43 /route1
2024/05/19 21:50:44 进入请求
2024/05/19 21:50:44 /route1
2024/05/19 21:50:45 进入请求
2024/05/19 21:50:45 /route1
2024/05/19 21:50:45 进入请求
2024/05/19 21:50:45 /route1
signal: killed
